<?xml version="1.0" encoding="UTF-8"?>
<!-- Generated by org.testng.reporters.JUnitXMLReporter -->
<testsuite ignored="0" hostname="sai" failures="0" tests="5" name="Surefire test" time="59.306" errors="0" timestamp="2023-09-04T10:16:10 IST">
  <testcase classname="com.wipro.shopping1.testcases.LoginpageTest" name="Login_with_Invalid_Credentials" time="2.058"/>
  <testcase classname="com.wipro.shopping1.testcases.LoginpageTest" name="Login_with_valid_credentials" time="1.721"/>
  <testcase classname="com.wipro.shopping1.testcases.LoginpageTest" name="Login_with_valid_credentials" time="1.478"/>
  <testcase classname="com.wipro.shopping1.testcases.LoginpageTest" name="Login_with_valid_credentials" time="1.41"/>
  <testcase classname="com.wipro.shopping1.testcases.RegisterpageTest" name="User_enter_details" time="3.3"/>
</testsuite> <!-- Surefire test -->
