<?xml version="1.0" encoding="UTF-8"?>
<testng-results ignored="0" total="1" passed="1" failed="0" skipped="0">
  <reporter-output>
  </reporter-output>
  <suite started-at="2023-09-03T18:43:05 IST" name="Default suite" finished-at="2023-09-03T18:43:36 IST" duration-ms="30519">
    <groups>
    </groups>
    <test started-at="2023-09-03T18:43:05 IST" name="Default test" finished-at="2023-09-03T18:43:36 IST" duration-ms="30519">
      <class name="com.wipro.shopping1.testcases.RegisterpageTest">
        <test-method is-config="true" signature="setup()[pri:0, instance:com.wipro.shopping1.testcases.RegisterpageTest@2cf3d63b]" started-at="2023-09-03T18:43:05 IST" name="setup" finished-at="2023-09-03T18:43:12 IST" duration-ms="7200" status="PASS">
          <reporter-output>
          </reporter-output>
        </test-method> <!-- setup -->
        <test-method signature="User_enter_details()[pri:0, instance:com.wipro.shopping1.testcases.RegisterpageTest@2cf3d63b]" started-at="2023-09-03T18:43:12 IST" name="User_enter_details" finished-at="2023-09-03T18:43:35 IST" duration-ms="22842" status="PASS">
          <reporter-output>
          </reporter-output>
        </test-method> <!-- User_enter_details -->
        <test-method is-config="true" signature="tearDown(org.testng.ITestResult)[pri:0, instance:com.wipro.shopping1.testcases.RegisterpageTest@2cf3d63b]" started-at="2023-09-03T18:43:35 IST" name="tearDown" finished-at="2023-09-03T18:43:36 IST" duration-ms="404" status="PASS">
          <params>
            <param index="0">
              <value>
                <![CDATA[[TestResult name=User_enter_details status=SUCCESS method=RegisterpageTest.User_enter_details()[pri:0, instance:com.wipro.shopping1.testcases.RegisterpageTest@2cf3d63b] output={null}]]]>
              </value>
            </param>
          </params>
          <reporter-output>
          </reporter-output>
        </test-method> <!-- tearDown -->
      </class> <!-- com.wipro.shopping1.testcases.RegisterpageTest -->
    </test> <!-- Default test -->
  </suite> <!-- Default suite -->
</testng-results>
