<?xml version="1.0" encoding="UTF-8"?>
<!-- Generated by org.testng.reporters.JUnitXMLReporter -->
<testsuite ignored="0" hostname="DESKTOP-BG5HOVG" failures="0" tests="4" name="bankingapp test" time="27.119" errors="0" timestamp="2023-09-01T11:46:32 IST">
  <testcase classname="com.wipro.shopping1.testcases.LoginpageTest" name="Login_with_Invalid_Credentials" time="1.766"/>
  <testcase classname="com.wipro.shopping1.testcases.LoginpageTest" name="Login_with_valid_credentials" time="2.841"/>
  <testcase classname="com.wipro.shopping1.testcases.LoginpageTest" name="Login_with_valid_credentials" time="2.847"/>
  <testcase classname="com.wipro.shopping1.testcases.LoginpageTest" name="Login_with_valid_credentials" time="2.056"/>
</testsuite> <!-- bankingapp test -->
